<?xml version="1.0" encoding="UTF-8"?>
<!-- Generated by org.testng.reporters.JUnitReportReporter -->
<testsuite hostname="BDC6-DX-5FWKXH2" name="samp1.NewTest1" tests="1" failures="0" timestamp="26 Mar 2019 05:44:49 GMT" time="0.020" errors="0">
  <testcase name="f" time="0.020" classname="samp1.NewTest1"/>
</testsuite> <!-- samp1.NewTest1 -->
